Command line invocation:
    /Applications/Xcode.app/Contents/Developer/usr/bin/xcodebuild -project RootsApp.xcodeproj -scheme Roots -destination platform=macOS build CODE_SIGNING_REQUIRED=NO

Build settings from command line:
    CODE_SIGNING_REQUIRED = NO

ComputePackagePrebuildTargetDependencyGraph

Prepare packages

CreateBuildRequest

SendProjectDescription

CreateBuildOperation

ComputeTargetDependencyGraph
note: Building targets in dependency order
note: Target dependency graph (1 target)
    Target 'Roots' in project 'RootsApp' (no dependencies)

GatherProvisioningInputs

CreateBuildDescription

ExecuteExternalTool /Applications/Xcode.app/Contents/Developer/Toolchains/XcodeDefault.xctoolchain/usr/bin/clang -v -E -dM -isysroot /Applications/Xcode.app/Contents/Developer/Platforms/MacOSX.platform/Developer/SDKs/MacOSX26.1.sdk -x c -c /dev/null

ExecuteExternalTool /Applications/Xcode.app/Contents/Developer/usr/bin/actool --version --output-format xml1

ExecuteExternalTool /Applications/Xcode.app/Contents/Developer/Toolchains/XcodeDefault.xctoolchain/usr/bin/swiftc --version

ExecuteExternalTool /Applications/Xcode.app/Contents/Developer/Toolchains/XcodeDefault.xctoolchain/usr/bin/ld -version_details

Build description signature: d16ce6d715c118d98e8a12a7ceca5ab1
Build description path: /Users/clevelandlewis/Library/Developer/Xcode/DerivedData/RootsApp-avfkhljcwvdejheriduznimnpdhd/Build/Intermediates.noindex/XCBuildData/d16ce6d715c118d98e8a12a7ceca5ab1.xcbuilddata
ClangStatCache /Applications/Xcode.app/Contents/Developer/Toolchains/XcodeDefault.xctoolchain/usr/bin/clang-stat-cache /Applications/Xcode.app/Contents/Developer/Platforms/MacOSX.platform/Developer/SDKs/MacOSX26.1.sdk /Users/clevelandlewis/Library/Developer/Xcode/DerivedData/SDKStatCaches.noindex/macosx26.1-25B74-3885c01c3e6b6a337905948deab2002e3ae1261907bdadc328169391a47051a6.sdkstatcache
    cd /Users/clevelandlewis/Desktop/Roots/RootsApp.xcodeproj
    /Applications/Xcode.app/Contents/Developer/Toolchains/XcodeDefault.xctoolchain/usr/bin/clang-stat-cache /Applications/Xcode.app/Contents/Developer/Platforms/MacOSX.platform/Developer/SDKs/MacOSX26.1.sdk -o /Users/clevelandlewis/Library/Developer/Xcode/DerivedData/SDKStatCaches.noindex/macosx26.1-25B74-3885c01c3e6b6a337905948deab2002e3ae1261907bdadc328169391a47051a6.sdkstatcache

SwiftDriver Roots normal arm64 com.apple.xcode.tools.swift.compiler (in target 'Roots' from project 'RootsApp')
    cd /Users/clevelandlewis/Desktop/Roots
    builtin-SwiftDriver -- /Applications/Xcode.app/Contents/Developer/Toolchains/XcodeDefault.xctoolchain/usr/bin/swiftc -module-name Roots -Onone -enforce-exclusivity\=checked @/Users/clevelandlewis/Library/Developer/Xcode/DerivedData/RootsApp-avfkhljcwvdejheriduznimnpdhd/Build/Intermediates.noindex/RootsApp.build/Debug/Roots.build/Objects-normal/arm64/Roots.SwiftFileList -DDEBUG -DDISABLE_PREVIEWS -DDISABLE_SWIFTDATA -default-isolation\=MainActor -enable-bare-slash-regex -enable-upcoming-feature DisableOutwardActorInference -enable-upcoming-feature InferSendableFromCaptures -enable-upcoming-feature GlobalActorIsolatedTypesUsability -enable-upcoming-feature MemberImportVisibility -enable-upcoming-feature InferIsolatedConformances -enable-upcoming-feature NonisolatedNonsendingByDefault -enable-experimental-feature DebugDescriptionMacro -sdk /Applications/Xcode.app/Contents/Developer/Platforms/MacOSX.platform/Developer/SDKs/MacOSX26.1.sdk -target arm64-apple-macos26.1 -g -module-cache-path /Users/clevelandlewis/Library/Developer/Xcode/DerivedData/ModuleCache.noindex -Xfrontend -serialize-debugging-options -profile-coverage-mapping -profile-generate -enable-testing -index-store-path /Users/clevelandlewis/Library/Developer/Xcode/DerivedData/RootsApp-avfkhljcwvdejheriduznimnpdhd/Index.noindex/DataStore -Xcc -D_LIBCPP_HARDENING_MODE\=_LIBCPP_HARDENING_MODE_DEBUG -swift-version 5 -I /Users/clevelandlewis/Library/Developer/Xcode/DerivedData/RootsApp-avfkhljcwvdejheriduznimnpdhd/Build/Products/Debug -F /Users/clevelandlewis/Library/Developer/Xcode/DerivedData/RootsApp-avfkhljcwvdejheriduznimnpdhd/Build/Products/Debug -emit-localized-strings -emit-localized-strings-path /Users/clevelandlewis/Library/Developer/Xcode/DerivedData/RootsApp-avfkhljcwvdejheriduznimnpdhd/Build/Intermediates.noindex/RootsApp.build/Debug/Roots.build/Objects-normal/arm64 -c -j8 -enable-batch-mode -incremental -Xcc -ivfsstatcache -Xcc /Users/clevelandlewis/Library/Developer/Xcode/DerivedData/SDKStatCaches.noindex/macosx26.1-25B74-3885c01c3e6b6a337905948deab2002e3ae1261907bdadc328169391a47051a6.sdkstatcache -output-file-map /Users/clevelandlewis/Library/Developer/Xcode/DerivedData/RootsApp-avfkhljcwvdejheriduznimnpdhd/Build/Intermediates.noindex/RootsApp.build/Debug/Roots.build/Objects-normal/arm64/Roots-OutputFileMap.json -use-frontend-parseable-output -save-temps -no-color-diagnostics -explicit-module-build -module-cache-path /Users/clevelandlewis/Library/Developer/Xcode/DerivedData/RootsApp-avfkhljcwvdejheriduznimnpdhd/Build/Intermediates.noindex/SwiftExplicitPrecompiledModules -clang-scanner-module-cache-path /Users/clevelandlewis/Library/Developer/Xcode/DerivedData/ModuleCache.noindex -sdk-module-cache-path /Users/clevelandlewis/Library/Developer/Xcode/DerivedData/ModuleCache.noindex -serialize-diagnostics -emit-dependencies -emit-module -emit-module-path /Users/clevelandlewis/Library/Developer/Xcode/DerivedData/RootsApp-avfkhljcwvdejheriduznimnpdhd/Build/Intermediates.noindex/RootsApp.build/Debug/Roots.build/Objects-normal/arm64/Roots.swiftmodule -validate-clang-modules-once -clang-build-session-file /Users/clevelandlewis/Library/Developer/Xcode/DerivedData/ModuleCache.noindex/Session.modulevalidation -Xcc -I/Users/clevelandlewis/Library/Developer/Xcode/DerivedData/RootsApp-avfkhljcwvdejheriduznimnpdhd/Build/Intermediates.noindex/RootsApp.build/Debug/Roots.build/swift-overrides.hmap -emit-const-values -Xfrontend -const-gather-protocols-file -Xfrontend /Users/clevelandlewis/Library/Developer/Xcode/DerivedData/RootsApp-avfkhljcwvdejheriduznimnpdhd/Build/Intermediates.noindex/RootsApp.build/Debug/Roots.build/Objects-normal/arm64/Roots_const_extract_protocols.json -Xcc -iquote -Xcc /Users/clevelandlewis/Library/Developer/Xcode/DerivedData/RootsApp-avfkhljcwvdejheriduznimnpdhd/Build/Intermediates.noindex/RootsApp.build/Debug/Roots.build/Roots-generated-files.hmap -Xcc -I/Users/clevelandlewis/Library/Developer/Xcode/DerivedData/RootsApp-avfkhljcwvdejheriduznimnpdhd/Build/Intermediates.noindex/RootsApp.build/Debug/Roots.build/Roots-own-target-headers.hmap -Xcc -I/Users/clevelandlewis/Library/Developer/Xcode/DerivedData/RootsApp-avfkhljcwvdejheriduznimnpdhd/Build/Intermediates.noindex/RootsApp.build/Debug/Roots.build/Roots-all-target-headers.hmap -Xcc -iquote -Xcc /Users/clevelandlewis/Library/Developer/Xcode/DerivedData/RootsApp-avfkhljcwvdejheriduznimnpdhd/Build/Intermediates.noindex/RootsApp.build/Debug/Roots.build/Roots-project-headers.hmap -Xcc -I/Users/clevelandlewis/Library/Developer/Xcode/DerivedData/RootsApp-avfkhljcwvdejheriduznimnpdhd/Build/Products/Debug/include -Xcc -I/Users/clevelandlewis/Library/Developer/Xcode/DerivedData/RootsApp-avfkhljcwvdejheriduznimnpdhd/Build/Intermediates.noindex/RootsApp.build/Debug/Roots.build/DerivedSources-normal/arm64 -Xcc -I/Users/clevelandlewis/Library/Developer/Xcode/DerivedData/RootsApp-avfkhljcwvdejheriduznimnpdhd/Build/Intermediates.noindex/RootsApp.build/Debug/Roots.build/DerivedSources/arm64 -Xcc -I/Users/clevelandlewis/Library/Developer/Xcode/DerivedData/RootsApp-avfkhljcwvdejheriduznimnpdhd/Build/Intermediates.noindex/RootsApp.build/Debug/Roots.build/DerivedSources -Xcc -DDEBUG\=1 -emit-objc-header -emit-objc-header-path /Users/clevelandlewis/Library/Developer/Xcode/DerivedData/RootsApp-avfkhljcwvdejheriduznimnpdhd/Build/Intermediates.noindex/RootsApp.build/Debug/Roots.build/Objects-normal/arm64/Roots-Swift.h -working-directory /Users/clevelandlewis/Desktop/Roots -experimental-emit-module-separately -disable-cmo

SwiftCompile normal arm64 Compiling\ TimerPageView.swift,\ CalendarSettingsView.swift /Users/clevelandlewis/Desktop/Roots/macOSApp/Scenes/TimerPageView.swift /Users/clevelandlewis/Desktop/Roots/macOSApp/Views/CalendarSettingsView.swift (in target 'Roots' from project 'RootsApp')

SwiftCompile normal arm64 /Users/clevelandlewis/Desktop/Roots/macOSApp/Scenes/TimerPageView.swift (in target 'Roots' from project 'RootsApp')
    cd /Users/clevelandlewis/Desktop/Roots
    

SwiftCompile normal arm64 /Users/clevelandlewis/Desktop/Roots/macOSApp/Views/CalendarSettingsView.swift (in target 'Roots' from project 'RootsApp')
    cd /Users/clevelandlewis/Desktop/Roots
    

SwiftCompile normal arm64 Compiling\ ContentView.swift,\ CoursesPageView.swift /Users/clevelandlewis/Desktop/Roots/macOSApp/Scenes/ContentView.swift /Users/clevelandlewis/Desktop/Roots/macOSApp/Scenes/CoursesPageView.swift (in target 'Roots' from project 'RootsApp')

SwiftCompile normal arm64 /Users/clevelandlewis/Desktop/Roots/macOSApp/Scenes/ContentView.swift (in target 'Roots' from project 'RootsApp')
    cd /Users/clevelandlewis/Desktop/Roots
    

SwiftCompile normal arm64 /Users/clevelandlewis/Desktop/Roots/macOSApp/Scenes/CoursesPageView.swift (in target 'Roots' from project 'RootsApp')
    cd /Users/clevelandlewis/Desktop/Roots
    

SwiftCompile normal arm64 Compiling\ DashboardView.swift,\ GradesPageView.swift /Users/clevelandlewis/Desktop/Roots/macOSApp/Scenes/DashboardView.swift /Users/clevelandlewis/Desktop/Roots/macOSApp/Scenes/GradesPageView.swift (in target 'Roots' from project 'RootsApp')
SwiftCompile normal arm64 /Users/clevelandlewis/Desktop/Roots/macOSApp/Scenes/DashboardView.swift (in target 'Roots' from project 'RootsApp')
    cd /Users/clevelandlewis/Desktop/Roots
    

SwiftCompile normal arm64 /Users/clevelandlewis/Desktop/Roots/macOSApp/Scenes/GradesPageView.swift (in target 'Roots' from project 'RootsApp')
    cd /Users/clevelandlewis/Desktop/Roots
    

SwiftCompile normal arm64 Compiling\ RemindersSettingsView.swift /Users/clevelandlewis/Desktop/Roots/macOSApp/Views/RemindersSettingsView.swift (in target 'Roots' from project 'RootsApp')

SwiftCompile normal arm64 /Users/clevelandlewis/Desktop/Roots/macOSApp/Views/RemindersSettingsView.swift (in target 'Roots' from project 'RootsApp')
    cd /Users/clevelandlewis/Desktop/Roots
    

SwiftCompile normal arm64 Compiling\ CourseEditView.swift /Users/clevelandlewis/Desktop/Roots/macOSApp/Views/CourseEditView.swift (in target 'Roots' from project 'RootsApp')

SwiftCompile normal arm64 /Users/clevelandlewis/Desktop/Roots/macOSApp/Views/CourseEditView.swift (in target 'Roots' from project 'RootsApp')
    cd /Users/clevelandlewis/Desktop/Roots
    

SwiftEmitModule normal arm64 Emitting\ module\ for\ Roots (in target 'Roots' from project 'RootsApp')

EmitSwiftModule normal arm64 (in target 'Roots' from project 'RootsApp')
    cd /Users/clevelandlewis/Desktop/Roots
    

SwiftCompile normal arm64 Compiling\ PlatformStubs.swift /Users/clevelandlewis/Desktop/Roots/SharedCore/PlatformStubs.swift (in target 'Roots' from project 'RootsApp')

SwiftCompile normal arm64 /Users/clevelandlewis/Desktop/Roots/SharedCore/PlatformStubs.swift (in target 'Roots' from project 'RootsApp')
    cd /Users/clevelandlewis/Desktop/Roots
    

SwiftCompile normal arm64 Compiling\ AppSettingsModel.swift /Users/clevelandlewis/Desktop/Roots/SharedCore/State/AppSettingsModel.swift (in target 'Roots' from project 'RootsApp')
Failed frontend command:
/Applications/Xcode.app/Contents/Developer/Toolchains/XcodeDefault.xctoolchain/usr/bin/swift-frontend -frontend -c -filelist /Users/clevelandlewis/Library/Developer/Xcode/DerivedData/RootsApp-avfkhljcwvdejheriduznimnpdhd/Build/Intermediates.noindex/RootsApp.build/Debug/Roots.build/Objects-normal/arm64/sources-1 -primary-file /Users/clevelandlewis/Desktop/Roots/SharedCore/State/AppSettingsModel.swift -emit-dependencies-path /Users/clevelandlewis/Library/Developer/Xcode/DerivedData/RootsApp-avfkhljcwvdejheriduznimnpdhd/Build/Intermediates.noindex/RootsApp.build/Debug/Roots.build/Objects-normal/arm64/AppSettingsModel.d -emit-const-values-path /Users/clevelandlewis/Library/Developer/Xcode/DerivedData/RootsApp-avfkhljcwvdejheriduznimnpdhd/Build/Intermediates.noindex/RootsApp.build/Debug/Roots.build/Objects-normal/arm64/AppSettingsModel.swiftconstvalues -emit-reference-dependencies-path /Users/clevelandlewis/Library/Developer/Xcode/DerivedData/RootsApp-avfkhljcwvdejheriduznimnpdhd/Build/Intermediates.noindex/RootsApp.build/Debug/Roots.build/Objects-normal/arm64/AppSettingsModel.swiftdeps -serialize-diagnostics-path /Users/clevelandlewis/Library/Developer/Xcode/DerivedData/RootsApp-avfkhljcwvdejheriduznimnpdhd/Build/Intermediates.noindex/RootsApp.build/Debug/Roots.build/Objects-normal/arm64/AppSettingsModel.dia -emit-localized-strings -emit-localized-strings-path /Users/clevelandlewis/Library/Developer/Xcode/DerivedData/RootsApp-avfkhljcwvdejheriduznimnpdhd/Build/Intermediates.noindex/RootsApp.build/Debug/Roots.build/Objects-normal/arm64 -target arm64-apple-macos26.1 -module-can-import-version AppKit 2685.20.119 2685.20.119 -module-can-import-version Charts 4.1.4 0 -module-can-import-version DeveloperToolsSupport 23.0.4 23.0.4 -module-can-import-version SwiftUI 7.1.13.1 7.1.13 -load-resolved-plugin /Applications/Xcode.app/Contents/Developer/Platforms/MacOSX.platform/Developer/usr/lib/swift/host/plugins/libFoundationMacros.dylib\#/Applications/Xcode.app/Contents/Developer/Platforms/MacOSX.platform/Developer/usr/bin/swift-plugin-server\#FoundationMacros -load-resolved-plugin /Applications/Xcode.app/Contents/Developer/Platforms/MacOSX.platform/Developer/usr/lib/swift/host/plugins/libObservationMacros.dylib\#/Applications/Xcode.app/Contents/Developer/Platforms/MacOSX.platform/Developer/usr/bin/swift-plugin-server\#ObservationMacros -load-resolved-plugin /Applications/Xcode.app/Contents/Developer/Platforms/MacOSX.platform/Developer/usr/lib/swift/host/plugins/libPreviewsMacros.dylib\#/Applications/Xcode.app/Contents/Developer/Platforms/MacOSX.platform/Developer/usr/bin/swift-plugin-server\#PreviewsMacros -load-resolved-plugin /Applications/Xcode.app/Contents/Developer/Platforms/MacOSX.platform/Developer/usr/lib/swift/host/plugins/libSwiftMacros.dylib\#/Applications/Xcode.app/Contents/Developer/Platforms/MacOSX.platform/Developer/usr/bin/swift-plugin-server\#SwiftMacros -load-resolved-plugin /Applications/Xcode.app/Contents/Developer/Platforms/MacOSX.platform/Developer/usr/lib/swift/host/plugins/libSwiftUIMacros.dylib\#/Applications/Xcode.app/Contents/Developer/Platforms/MacOSX.platform/Developer/usr/bin/swift-plugin-server\#SwiftUIMacros -disable-implicit-swift-modules -Xcc -fno-implicit-modules -Xcc -fno-implicit-module-maps -explicit-swift-module-map-file /Users/clevelandlewis/Library/Developer/Xcode/DerivedData/RootsApp-avfkhljcwvdejheriduznimnpdhd/Build/Intermediates.noindex/RootsApp.build/Debug/Roots.build/Objects-normal/arm64/Roots-dependencies-1.json -Xllvm -aarch64-use-tbi -enable-objc-interop -stack-check -sdk /Applications/Xcode.app/Contents/Developer/Platforms/MacOSX.platform/Developer/SDKs/MacOSX26.1.sdk -I /Users/clevelandlewis/Library/Developer/Xcode/DerivedData/RootsApp-avfkhljcwvdejheriduznimnpdhd/Build/Products/Debug -F /Users/clevelandlewis/Library/Developer/Xcode/DerivedData/RootsApp-avfkhljcwvdejheriduznimnpdhd/Build/Products/Debug -no-color-diagnostics -Xcc -fno-color-diagnostics -enable-testing -g -debug-info-format\=dwarf -dwarf-version\=5 -module-cache-path /Users/clevelandlewis/Library/Developer/Xcode/DerivedData/RootsApp-avfkhljcwvdejheriduznimnpdhd/Build/Intermediates.noindex/SwiftExplicitPrecompiledModules -profile-generate -profile-coverage-mapping -swift-version 5 -enforce-exclusivity\=checked -Onone -D DEBUG -D DISABLE_PREVIEWS -D DISABLE_SWIFTDATA -serialize-debugging-options -const-gather-protocols-file /Users/clevelandlewis/Library/Developer/Xcode/DerivedData/RootsApp-avfkhljcwvdejheriduznimnpdhd/Build/Intermediates.noindex/RootsApp.build/Debug/Roots.build/Objects-normal/arm64/Roots_const_extract_protocols.json -enable-upcoming-feature DisableOutwardActorInference -enable-upcoming-feature InferSendableFromCaptures -enable-upcoming-feature GlobalActorIsolatedTypesUsability -enable-upcoming-feature MemberImportVisibility -enable-upcoming-feature InferIsolatedConformances -enable-upcoming-feature NonisolatedNonsendingByDefault -enable-experimental-feature DebugDescriptionMacro -enable-bare-slash-regex -default-isolation\=MainActor -empty-abi-descriptor -validate-clang-modules-once -clang-build-session-file /Users/clevelandlewis/Library/Developer/Xcode/DerivedData/ModuleCache.noindex/Session.modulevalidation -Xcc -working-directory -Xcc /Users/clevelandlewis/Desktop/Roots -enable-anonymous-context-mangled-names -file-compilation-dir /Users/clevelandlewis/Desktop/Roots -Xcc -D_LIBCPP_HARDENING_MODE\=_LIBCPP_HARDENING_MODE_DEBUG -Xcc -ivfsstatcache -Xcc /Users/clevelandlewis/Library/Developer/Xcode/DerivedData/SDKStatCaches.noindex/macosx26.1-25B74-3885c01c3e6b6a337905948deab2002e3ae1261907bdadc328169391a47051a6.sdkstatcache -Xcc -I/Users/clevelandlewis/Library/Developer/Xcode/DerivedData/RootsApp-avfkhljcwvdejheriduznimnpdhd/Build/Intermediates.noindex/RootsApp.build/Debug/Roots.build/swift-overrides.hmap -Xcc -iquote -Xcc /Users/clevelandlewis/Library/Developer/Xcode/DerivedData/RootsApp-avfkhljcwvdejheriduznimnpdhd/Build/Intermediates.noindex/RootsApp.build/Debug/Roots.build/Roots-generated-files.hmap -Xcc -I/Users/clevelandlewis/Library/Developer/Xcode/DerivedData/RootsApp-avfkhljcwvdejheriduznimnpdhd/Build/Intermediates.noindex/RootsApp.build/Debug/Roots.build/Roots-own-target-headers.hmap -Xcc -I/Users/clevelandlewis/Library/Developer/Xcode/DerivedData/RootsApp-avfkhljcwvdejheriduznimnpdhd/Build/Intermediates.noindex/RootsApp.build/Debug/Roots.build/Roots-all-target-headers.hmap -Xcc -iquote -Xcc /Users/clevelandlewis/Library/Developer/Xcode/DerivedData/RootsApp-avfkhljcwvdejheriduznimnpdhd/Build/Intermediates.noindex/RootsApp.build/Debug/Roots.build/Roots-project-headers.hmap -Xcc -I/Users/clevelandlewis/Library/Developer/Xcode/DerivedData/RootsApp-avfkhljcwvdejheriduznimnpdhd/Build/Products/Debug/include -Xcc -I/Users/clevelandlewis/Library/Developer/Xcode/DerivedData/RootsApp-avfkhljcwvdejheriduznimnpdhd/Build/Intermediates.noindex/RootsApp.build/Debug/Roots.build/DerivedSources-normal/arm64 -Xcc -I/Users/clevelandlewis/Library/Developer/Xcode/DerivedData/RootsApp-avfkhljcwvdejheriduznimnpdhd/Build/Intermediates.noindex/RootsApp.build/Debug/Roots.build/DerivedSources/arm64 -Xcc -I/Users/clevelandlewis/Library/Developer/Xcode/DerivedData/RootsApp-avfkhljcwvdejheriduznimnpdhd/Build/Intermediates.noindex/RootsApp.build/Debug/Roots.build/DerivedSources -Xcc -DDEBUG\=1 -no-auto-bridging-header-chaining -module-name Roots -frontend-parseable-output -disable-clang-spi -target-sdk-version 26.1 -target-sdk-name macosx26.1 -clang-target arm64-apple-macos26.1 -in-process-plugin-server-path /Applications/Xcode.app/Contents/Developer/Toolchains/XcodeDefault.xctoolchain/usr/lib/swift/host/libSwiftInProcPluginServer.dylib -o /Users/clevelandlewis/Library/Developer/Xcode/DerivedData/RootsApp-avfkhljcwvdejheriduznimnpdhd/Build/Intermediates.noindex/RootsApp.build/Debug/Roots.build/Objects-normal/arm64/AppSettingsModel.o -index-unit-output-path /RootsApp.build/Debug/Roots.build/Objects-normal/arm64/AppSettingsModel.o -index-store-path /Users/clevelandlewis/Library/Developer/Xcode/DerivedData/RootsApp-avfkhljcwvdejheriduznimnpdhd/Index.noindex/DataStore -index-system-modules

SwiftCompile normal arm64 /Users/clevelandlewis/Desktop/Roots/SharedCore/State/AppSettingsModel.swift (in target 'Roots' from project 'RootsApp')
    cd /Users/clevelandlewis/Desktop/Roots
    
/Users/clevelandlewis/Desktop/Roots/SharedCore/State/AppSettingsModel.swift:820:30: error: main actor-isolated property 'accentColorRaw' can not be referenced from a nonisolated context
        try container.encode(accentColorRaw, forKey: .accentColorRaw)
                             ^
/Users/clevelandlewis/Desktop/Roots/SharedCore/State/AppSettingsModel.swift:308:9: note: property declared here
    var accentColorRaw: String = AppAccentColor.multicolor.rawValue
        ^
/Users/clevelandlewis/Desktop/Roots/SharedCore/State/AppSettingsModel.swift:821:30: error: main actor-isolated property 'customAccentEnabledStorage' can not be referenced from a nonisolated context
        try container.encode(customAccentEnabledStorage, forKey: .customAccentEnabledStorage)
                             ^
/Users/clevelandlewis/Desktop/Roots/SharedCore/State/AppSettingsModel.swift:309:9: note: property declared here
    var customAccentEnabledStorage: Bool = false
        ^
/Users/clevelandlewis/Desktop/Roots/SharedCore/State/AppSettingsModel.swift:822:30: error: main actor-isolated property 'customAccentRed' can not be referenced from a nonisolated context
        try container.encode(customAccentRed, forKey: .customAccentRed)
                             ^
/Users/clevelandlewis/Desktop/Roots/SharedCore/State/AppSettingsModel.swift:310:9: note: property declared here
    var customAccentRed: Double = 0
        ^
/Users/clevelandlewis/Desktop/Roots/SharedCore/State/AppSettingsModel.swift:823:30: error: main actor-isolated property 'customAccentGreen' can not be referenced from a nonisolated context
        try container.encode(customAccentGreen, forKey: .customAccentGreen)
                             ^
/Users/clevelandlewis/Desktop/Roots/SharedCore/State/AppSettingsModel.swift:311:9: note: property declared here
    var customAccentGreen: Double = 122 / 255
        ^
/Users/clevelandlewis/Desktop/Roots/SharedCore/State/AppSettingsModel.swift:824:30: error: main actor-isolated property 'customAccentBlue' can not be referenced from a nonisolated context
        try container.encode(customAccentBlue, forKey: .customAccentBlue)
                             ^
/Users/clevelandlewis/Desktop/Roots/SharedCore/State/AppSettingsModel.swift:312:9: note: property declared here
    var customAccentBlue: Double = 1
        ^
/Users/clevelandlewis/Desktop/Roots/SharedCore/State/AppSettingsModel.swift:825:30: error: main actor-isolated property 'customAccentAlpha' can not be referenced from a nonisolated context
        try container.encode(customAccentAlpha, forKey: .customAccentAlpha)
                             ^
/Users/clevelandlewis/Desktop/Roots/SharedCore/State/AppSettingsModel.swift:313:9: note: property declared here
    var customAccentAlpha: Double = 1
        ^
/Users/clevelandlewis/Desktop/Roots/SharedCore/State/AppSettingsModel.swift:826:30: error: main actor-isolated property 'interfaceStyleRaw' can not be referenced from a nonisolated context
        try container.encode(interfaceStyleRaw, forKey: .interfaceStyleRaw)
                             ^
/Users/clevelandlewis/Desktop/Roots/SharedCore/State/AppSettingsModel.swift:314:9: note: property declared here
    var interfaceStyleRaw: String = InterfaceStyle.system.rawValue
        ^
/Users/clevelandlewis/Desktop/Roots/SharedCore/State/AppSettingsModel.swift:827:30: error: main actor-isolated property 'glassLightStrength' can not be referenced from a nonisolated context
        try container.encode(glassLightStrength, forKey: .glassLightStrength)
                             ^
/Users/clevelandlewis/Desktop/Roots/SharedCore/State/AppSettingsModel.swift:315:9: note: property declared here
    var glassLightStrength: Double = 0.33
        ^
/Users/clevelandlewis/Desktop/Roots/SharedCore/State/AppSettingsModel.swift:828:30: error: main actor-isolated property 'glassDarkStrength' can not be referenced from a nonisolated context
        try container.encode(glassDarkStrength, forKey: .glassDarkStrength)
                             ^
/Users/clevelandlewis/Desktop/Roots/SharedCore/State/AppSettingsModel.swift:316:9: note: property declared here
    var glassDarkStrength: Double = 0.17
        ^
/Users/clevelandlewis/Desktop/Roots/SharedCore/State/AppSettingsModel.swift:829:30: error: main actor-isolated property 'sidebarBehaviorRaw' can not be referenced from a nonisolated context
        try container.encode(sidebarBehaviorRaw, forKey: .sidebarBehaviorRaw)
                             ^
/Users/clevelandlewis/Desktop/Roots/SharedCore/State/AppSettingsModel.swift:317:9: note: property declared here
    var sidebarBehaviorRaw: String = SidebarBehavior.automatic.rawValue
        ^
/Users/clevelandlewis/Desktop/Roots/SharedCore/State/AppSettingsModel.swift:830:30: error: main actor-isolated property 'wiggleOnHoverStorage' can not be referenced from a nonisolated context
        try container.encode(wiggleOnHoverStorage, forKey: .wiggleOnHoverStorage)
                             ^
/Users/clevelandlewis/Desktop/Roots/SharedCore/State/AppSettingsModel.swift:318:9: note: property declared here
    var wiggleOnHoverStorage: Bool = true
        ^
/Users/clevelandlewis/Desktop/Roots/SharedCore/State/AppSettingsModel.swift:831:30: error: main actor-isolated property 'tabBarModeRaw' can not be referenced from a nonisolated context
        try container.encode(tabBarModeRaw, forKey: .tabBarModeRaw)
                             ^
/Users/clevelandlewis/Desktop/Roots/SharedCore/State/AppSettingsModel.swift:319:9: note: property declared here
    var tabBarModeRaw: String = TabBarMode.iconsAndText.rawValue
        ^
/Users/clevelandlewis/Desktop/Roots/SharedCore/State/AppSettingsModel.swift:832:30: error: main actor-isolated property 'visibleTabsRaw' can not be referenced from a nonisolated context
        try container.encode(visibleTabsRaw, forKey: .visibleTabsRaw)
                             ^
/Users/clevelandlewis/Desktop/Roots/SharedCore/State/AppSettingsModel.swift:320:9: note: property declared here
    var visibleTabsRaw: String = "dashboard,calendar,planner,assignments,courses,grades,timer,decks"
        ^
/Users/clevelandlewis/Desktop/Roots/SharedCore/State/AppSettingsModel.swift:833:30: error: main actor-isolated property 'tabOrderRaw' can not be referenced from a nonisolated context
        try container.encode(tabOrderRaw, forKey: .tabOrderRaw)
                             ^
/Users/clevelandlewis/Desktop/Roots/SharedCore/State/AppSettingsModel.swift:321:9: note: property declared here
    var tabOrderRaw: String = "dashboard,calendar,planner,assignments,courses,grades,timer,decks"
        ^
/Users/clevelandlewis/Desktop/Roots/SharedCore/State/AppSettingsModel.swift:834:30: error: main actor-isolated property 'quickActionsRaw' can not be referenced from a nonisolated context
        try container.encode(quickActionsRaw, forKey: .quickActionsRaw)
                             ^
/Users/clevelandlewis/Desktop/Roots/SharedCore/State/AppSettingsModel.swift:322:9: note: property declared here
    var quickActionsRaw: String = "add_assignment,add_course,quick_note"
        ^
/Users/clevelandlewis/Desktop/Roots/SharedCore/State/AppSettingsModel.swift:835:30: error: main actor-isolated property 'enableGlassEffectsStorage' can not be referenced from a nonisolated context
        try container.encode(enableGlassEffectsStorage, forKey: .enableGlassEffectsStorage)
                             ^
/Users/clevelandlewis/Desktop/Roots/SharedCore/State/AppSettingsModel.swift:323:9: note: property declared here
    var enableGlassEffectsStorage: Bool = true
        ^
/Users/clevelandlewis/Desktop/Roots/SharedCore/State/AppSettingsModel.swift:836:30: error: main actor-isolated property 'cardRadiusRaw' can not be referenced from a nonisolated context
        try container.encode(cardRadiusRaw, forKey: .cardRadiusRaw)
                             ^
/Users/clevelandlewis/Desktop/Roots/SharedCore/State/AppSettingsModel.swift:324:9: note: property declared here
    var cardRadiusRaw: String = CardRadius.medium.rawValue
        ^
/Users/clevelandlewis/Desktop/Roots/SharedCore/State/AppSettingsModel.swift:837:30: error: main actor-isolated property 'animationSoftnessStorage' can not be referenced from a nonisolated context
        try container.encode(animationSoftnessStorage, forKey: .animationSoftnessStorage)
                             ^
/Users/clevelandlewis/Desktop/Roots/SharedCore/State/AppSettingsModel.swift:325:9: note: property declared here
    var animationSoftnessStorage: Double = 0.42
        ^
/Users/clevelandlewis/Desktop/Roots/SharedCore/State/AppSettingsModel.swift:838:30: error: main actor-isolated property 'typographyModeRaw' can not be referenced from a nonisolated context
        try container.encode(typographyModeRaw, forKey: .typographyModeRaw)
                             ^
/Users/clevelandlewis/Desktop/Roots/SharedCore/State/AppSettingsModel.swift:326:9: note: property declared here
    var typographyModeRaw: String = TypographyMode.system.rawValue
        ^
/Users/clevelandlewis/Desktop/Roots/SharedCore/State/AppSettingsModel.swift:839:30: error: main actor-isolated property 'devModeEnabledStorage' can not be referenced from a nonisolated context
        try container.encode(devModeEnabledStorage, forKey: .devModeEnabledStorage)
                             ^
/Users/clevelandlewis/Desktop/Roots/SharedCore/State/AppSettingsModel.swift:327:9: note: property declared here
    var devModeEnabledStorage: Bool = false
        ^
/Users/clevelandlewis/Desktop/Roots/SharedCore/State/AppSettingsModel.swift:840:30: error: main actor-isolated property 'devModeUILoggingStorage' can not be referenced from a nonisolated context
        try container.encode(devModeUILoggingStorage, forKey: .devModeUILoggingStorage)
                             ^
/Users/clevelandlewis/Desktop/Roots/SharedCore/State/AppSettingsModel.swift:328:9: note: property declared here
    var devModeUILoggingStorage: Bool = false
        ^
/Users/clevelandlewis/Desktop/Roots/SharedCore/State/AppSettingsModel.swift:841:30: error: main actor-isolated property 'devModeDataLoggingStorage' can not be referenced from a nonisolated context
        try container.encode(devModeDataLoggingStorage, forKey: .devModeDataLoggingStorage)
                             ^
/Users/clevelandlewis/Desktop/Roots/SharedCore/State/AppSettingsModel.swift:329:9: note: property declared here
    var devModeDataLoggingStorage: Bool = false
        ^
/Users/clevelandlewis/Desktop/Roots/SharedCore/State/AppSettingsModel.swift:842:30: error: main actor-isolated property 'devModeSchedulerLoggingStorage' can not be referenced from a nonisolated context
        try container.encode(devModeSchedulerLoggingStorage, forKey: .devModeSchedulerLoggingStorage)
                             ^
/Users/clevelandlewis/Desktop/Roots/SharedCore/State/AppSettingsModel.swift:330:9: note: property declared here
    var devModeSchedulerLoggingStorage: Bool = false
        ^
/Users/clevelandlewis/Desktop/Roots/SharedCore/State/AppSettingsModel.swift:843:30: error: main actor-isolated property 'devModePerformanceStorage' can not be referenced from a nonisolated context
        try container.encode(devModePerformanceStorage, forKey: .devModePerformanceStorage)
                             ^
/Users/clevelandlewis/Desktop/Roots/SharedCore/State/AppSettingsModel.swift:331:9: note: property declared here
    var devModePerformanceStorage: Bool = false
        ^
/Users/clevelandlewis/Desktop/Roots/SharedCore/State/AppSettingsModel.swift:844:30: error: main actor-isolated property 'enableICloudSyncStorage' can not be referenced from a nonisolated context
        try container.encode(enableICloudSyncStorage, forKey: .enableICloudSyncStorage)
                             ^
/Users/clevelandlewis/Desktop/Roots/SharedCore/State/AppSettingsModel.swift:332:9: note: property declared here
    var enableICloudSyncStorage: Bool = false
        ^
/Users/clevelandlewis/Desktop/Roots/SharedCore/State/AppSettingsModel.swift:845:30: error: main actor-isolated property 'enableAIPlannerStorage' can not be referenced from a nonisolated context
        try container.encode(enableAIPlannerStorage, forKey: .enableAIPlannerStorage)
                             ^
/Users/clevelandlewis/Desktop/Roots/SharedCore/State/AppSettingsModel.swift:342:9: note: property declared here
    var enableAIPlannerStorage: Bool = false
        ^
/Users/clevelandlewis/Desktop/Roots/SharedCore/State/AppSettingsModel.swift:846:30: error: main actor-isolated property 'plannerHorizonStorage' can not be referenced from a nonisolated context
        try container.encode(plannerHorizonStorage, forKey: .plannerHorizonStorage)
                             ^
/Users/clevelandlewis/Desktop/Roots/SharedCore/State/AppSettingsModel.swift:343:9: note: property declared here
    var plannerHorizonStorage: String = "1w"
        ^
/Users/clevelandlewis/Desktop/Roots/SharedCore/State/AppSettingsModel.swift:847:30: error: main actor-isolated property 'enableFlashcardsStorage' can not be referenced from a nonisolated context
        try container.encode(enableFlashcardsStorage, forKey: .enableFlashcardsStorage)
                             ^
/Users/clevelandlewis/Desktop/Roots/SharedCore/State/AppSettingsModel.swift:344:9: note: property declared here
    var enableFlashcardsStorage: Bool = true
        ^
/Users/clevelandlewis/Desktop/Roots/SharedCore/State/AppSettingsModel.swift:848:30: error: main actor-isolated property 'assignmentSwipeLeadingRaw' can not be referenced from a nonisolated context
        try container.encode(assignmentSwipeLeadingRaw, forKey: .assignmentSwipeLeadingRaw)
                             ^
/Users/clevelandlewis/Desktop/Roots/SharedCore/State/AppSettingsModel.swift:345:9: note: property declared here
    var assignmentSwipeLeadingRaw: String = AssignmentSwipeAction.complete.rawValue
        ^
/Users/clevelandlewis/Desktop/Roots/SharedCore/State/AppSettingsModel.swift:849:30: error: main actor-isolated property 'assignmentSwipeTrailingRaw' can not be referenced from a nonisolated context
        try container.encode(assignmentSwipeTrailingRaw, forKey: .assignmentSwipeTrailingRaw)
                             ^
/Users/clevelandlewis/Desktop/Roots/SharedCore/State/AppSettingsModel.swift:346:9: note: property declared here
    var assignmentSwipeTrailingRaw: String = AssignmentSwipeAction.delete.rawValue
        ^

SwiftCompile normal arm64 Compiling\ CalendarManager.swift /Users/clevelandlewis/Desktop/Roots/SharedCore/Services/FeatureServices/CalendarManager.swift (in target 'Roots' from project 'RootsApp')

SwiftCompile normal arm64 /Users/clevelandlewis/Desktop/Roots/SharedCore/Services/FeatureServices/CalendarManager.swift (in target 'Roots' from project 'RootsApp')
    cd /Users/clevelandlewis/Desktop/Roots
    

SwiftDriverJobDiscovery normal arm64 Compiling PlatformStubs.swift (in target 'Roots' from project 'RootsApp')

