Command line invocation:
    /Applications/Xcode.app/Contents/Developer/usr/bin/xcodebuild -target Roots clean build -configuration Release -sdk macosx

Build settings from command line:
    SDKROOT = macosx26.1

CreateBuildRequest

SendProjectDescription

CreateBuildOperation

** CLEAN SUCCEEDED **

ComputePackagePrebuildTargetDependencyGraph

Prepare packages

CreateBuildRequest

SendProjectDescription

CreateBuildOperation

ComputeTargetDependencyGraph
note: Building targets in dependency order
note: Target dependency graph (1 target)
    Target 'Roots' in project 'Roots' (no dependencies)

GatherProvisioningInputs

CreateBuildDescription

ExecuteExternalTool /Applications/Xcode.app/Contents/Developer/Toolchains/XcodeDefault.xctoolchain/usr/bin/clang -v -E -dM -isysroot /Applications/Xcode.app/Contents/Developer/Platforms/MacOSX.platform/Developer/SDKs/MacOSX26.1.sdk -x c -c /dev/null

ExecuteExternalTool /Applications/Xcode.app/Contents/Developer/usr/bin/actool --version --output-format xml1

ExecuteExternalTool /Applications/Xcode.app/Contents/Developer/Toolchains/XcodeDefault.xctoolchain/usr/bin/swiftc --version

ExecuteExternalTool /Applications/Xcode.app/Contents/Developer/Toolchains/XcodeDefault.xctoolchain/usr/bin/ld -version_details

Build description signature: a68604763503f9519a41308d128a06e9
Build description path: /Users/clevelandlewis/Desktop/Roots/Roots/build/XCBuildData/a68604763503f9519a41308d128a06e9.xcbuilddata
ClangStatCache /Applications/Xcode.app/Contents/Developer/Toolchains/XcodeDefault.xctoolchain/usr/bin/clang-stat-cache /Applications/Xcode.app/Contents/Developer/Platforms/MacOSX.platform/Developer/SDKs/MacOSX26.1.sdk /var/folders/wr/htbphpwn5x1cvhs4_p2v_vs80000gn/C/com.apple.DeveloperTools/26.1.1-17B100/Xcode/SDKStatCaches.noindex/macosx26.1-25B74-3885c01c3e6b6a337905948deab2002e3ae1261907bdadc328169391a47051a6.sdkstatcache
    cd /Users/clevelandlewis/Desktop/Roots/Roots/Roots.xcodeproj
    /Applications/Xcode.app/Contents/Developer/Toolchains/XcodeDefault.xctoolchain/usr/bin/clang-stat-cache /Applications/Xcode.app/Contents/Developer/Platforms/MacOSX.platform/Developer/SDKs/MacOSX26.1.sdk -o /var/folders/wr/htbphpwn5x1cvhs4_p2v_vs80000gn/C/com.apple.DeveloperTools/26.1.1-17B100/Xcode/SDKStatCaches.noindex/macosx26.1-25B74-3885c01c3e6b6a337905948deab2002e3ae1261907bdadc328169391a47051a6.sdkstatcache

CreateBuildDirectory /Users/clevelandlewis/Desktop/Roots/Roots/build
    cd /Users/clevelandlewis/Desktop/Roots/Roots/Roots.xcodeproj
    builtin-create-build-directory /Users/clevelandlewis/Desktop/Roots/Roots/build

CreateBuildDirectory /Users/clevelandlewis/Desktop/Roots/Roots/build/Release
    cd /Users/clevelandlewis/Desktop/Roots/Roots/Roots.xcodeproj
    builtin-create-build-directory /Users/clevelandlewis/Desktop/Roots/Roots/build/Release

CreateBuildDirectory /Users/clevelandlewis/Desktop/Roots/Roots/build/SwiftExplicitPrecompiledModules
    cd /Users/clevelandlewis/Desktop/Roots/Roots/Roots.xcodeproj
    builtin-create-build-directory /Users/clevelandlewis/Desktop/Roots/Roots/build/SwiftExplicitPrecompiledModules

CreateBuildDirectory /Users/clevelandlewis/Desktop/Roots/Roots/build/ExplicitPrecompiledModules
    cd /Users/clevelandlewis/Desktop/Roots/Roots/Roots.xcodeproj
    builtin-create-build-directory /Users/clevelandlewis/Desktop/Roots/Roots/build/ExplicitPrecompiledModules

WriteAuxiliaryFile /Users/clevelandlewis/Desktop/Roots/Roots/build/Roots.build/Release/Roots-dbb88d1bbde1b270d3c6601e163097d9-VFS/all-product-headers.yaml
    cd /Users/clevelandlewis/Desktop/Roots/Roots/Roots.xcodeproj
    write-file /Users/clevelandlewis/Desktop/Roots/Roots/build/Roots.build/Release/Roots-dbb88d1bbde1b270d3c6601e163097d9-VFS/all-product-headers.yaml

CreateBuildDirectory /Users/clevelandlewis/Desktop/Roots/Roots/build/EagerLinkingTBDs/Release
    cd /Users/clevelandlewis/Desktop/Roots/Roots/Roots.xcodeproj
    builtin-create-build-directory /Users/clevelandlewis/Desktop/Roots/Roots/build/EagerLinkingTBDs/Release

WriteAuxiliaryFile /Users/clevelandlewis/Desktop/Roots/Roots/build/Roots.build/Release/Roots.build/Roots.DependencyMetadataFileList (in target 'Roots' from project 'Roots')
    cd /Users/clevelandlewis/Desktop/Roots/Roots
    write-file /Users/clevelandlewis/Desktop/Roots/Roots/build/Roots.build/Release/Roots.build/Roots.DependencyMetadataFileList

WriteAuxiliaryFile /Users/clevelandlewis/Desktop/Roots/Roots/build/Roots.build/Release/Roots.build/empty-Roots.plist (in target 'Roots' from project 'Roots')
    cd /Users/clevelandlewis/Desktop/Roots/Roots
    write-file /Users/clevelandlewis/Desktop/Roots/Roots/build/Roots.build/Release/Roots.build/empty-Roots.plist

WriteAuxiliaryFile /Users/clevelandlewis/Desktop/Roots/Roots/build/Roots.build/Release/Roots.build/Roots.DependencyStaticMetadataFileList (in target 'Roots' from project 'Roots')
    cd /Users/clevelandlewis/Desktop/Roots/Roots
    write-file /Users/clevelandlewis/Desktop/Roots/Roots/build/Roots.build/Release/Roots.build/Roots.DependencyStaticMetadataFileList

WriteAuxiliaryFile /Users/clevelandlewis/Desktop/Roots/Roots/build/Roots.build/Release/Roots.build/Roots-project-headers.hmap (in target 'Roots' from project 'Roots')
    cd /Users/clevelandlewis/Desktop/Roots/Roots
    write-file /Users/clevelandlewis/Desktop/Roots/Roots/build/Roots.build/Release/Roots.build/Roots-project-headers.hmap

WriteAuxiliaryFile /Users/clevelandlewis/Desktop/Roots/Roots/build/Roots.build/Release/Roots.build/Roots-own-target-headers.hmap (in target 'Roots' from project 'Roots')
    cd /Users/clevelandlewis/Desktop/Roots/Roots
    write-file /Users/clevelandlewis/Desktop/Roots/Roots/build/Roots.build/Release/Roots.build/Roots-own-target-headers.hmap

WriteAuxiliaryFile /Users/clevelandlewis/Desktop/Roots/Roots/build/Roots.build/Release/Roots.build/Roots-generated-files.hmap (in target 'Roots' from project 'Roots')
    cd /Users/clevelandlewis/Desktop/Roots/Roots
    write-file /Users/clevelandlewis/Desktop/Roots/Roots/build/Roots.build/Release/Roots.build/Roots-generated-files.hmap

WriteAuxiliaryFile /Users/clevelandlewis/Desktop/Roots/Roots/build/Roots.build/Release/Roots.build/Roots.hmap (in target 'Roots' from project 'Roots')
    cd /Users/clevelandlewis/Desktop/Roots/Roots
    write-file /Users/clevelandlewis/Desktop/Roots/Roots/build/Roots.build/Release/Roots.build/Roots.hmap

WriteAuxiliaryFile /Users/clevelandlewis/Desktop/Roots/Roots/build/Roots.build/Release/Roots.build/Roots-all-target-headers.hmap (in target 'Roots' from project 'Roots')
    cd /Users/clevelandlewis/Desktop/Roots/Roots
    write-file /Users/clevelandlewis/Desktop/Roots/Roots/build/Roots.build/Release/Roots.build/Roots-all-target-headers.hmap

WriteAuxiliaryFile /Users/clevelandlewis/Desktop/Roots/Roots/build/Roots.build/Release/Roots.build/Roots-all-non-framework-target-headers.hmap (in target 'Roots' from project 'Roots')
    cd /Users/clevelandlewis/Desktop/Roots/Roots
    write-file /Users/clevelandlewis/Desktop/Roots/Roots/build/Roots.build/Release/Roots.build/Roots-all-non-framework-target-headers.hmap

WriteAuxiliaryFile /Users/clevelandlewis/Desktop/Roots/Roots/build/Roots.build/Release/Roots.build/Objects-normal/x86_64/Roots_const_extract_protocols.json (in target 'Roots' from project 'Roots')
    cd /Users/clevelandlewis/Desktop/Roots/Roots
    write-file /Users/clevelandlewis/Desktop/Roots/Roots/build/Roots.build/Release/Roots.build/Objects-normal/x86_64/Roots_const_extract_protocols.json

WriteAuxiliaryFile /Users/clevelandlewis/Desktop/Roots/Roots/build/Roots.build/Release/Roots.build/Objects-normal/x86_64/Roots.SwiftFileList (in target 'Roots' from project 'Roots')
    cd /Users/clevelandlewis/Desktop/Roots/Roots
    write-file /Users/clevelandlewis/Desktop/Roots/Roots/build/Roots.build/Release/Roots.build/Objects-normal/x86_64/Roots.SwiftFileList

WriteAuxiliaryFile /Users/clevelandlewis/Desktop/Roots/Roots/build/Roots.build/Release/Roots.build/Objects-normal/x86_64/Roots.SwiftConstValuesFileList (in target 'Roots' from project 'Roots')
    cd /Users/clevelandlewis/Desktop/Roots/Roots
    write-file /Users/clevelandlewis/Desktop/Roots/Roots/build/Roots.build/Release/Roots.build/Objects-normal/x86_64/Roots.SwiftConstValuesFileList

WriteAuxiliaryFile /Users/clevelandlewis/Desktop/Roots/Roots/build/Roots.build/Release/Roots.build/Objects-normal/x86_64/Roots.LinkFileList (in target 'Roots' from project 'Roots')
    cd /Users/clevelandlewis/Desktop/Roots/Roots
    write-file /Users/clevelandlewis/Desktop/Roots/Roots/build/Roots.build/Release/Roots.build/Objects-normal/x86_64/Roots.LinkFileList

WriteAuxiliaryFile /Users/clevelandlewis/Desktop/Roots/Roots/build/Roots.build/Release/Roots.build/Objects-normal/x86_64/Roots-OutputFileMap.json (in target 'Roots' from project 'Roots')
    cd /Users/clevelandlewis/Desktop/Roots/Roots
    write-file /Users/clevelandlewis/Desktop/Roots/Roots/build/Roots.build/Release/Roots.build/Objects-normal/x86_64/Roots-OutputFileMap.json

WriteAuxiliaryFile /Users/clevelandlewis/Desktop/Roots/Roots/build/Roots.build/Release/Roots.build/Objects-normal/arm64/Roots_const_extract_protocols.json (in target 'Roots' from project 'Roots')
    cd /Users/clevelandlewis/Desktop/Roots/Roots
    write-file /Users/clevelandlewis/Desktop/Roots/Roots/build/Roots.build/Release/Roots.build/Objects-normal/arm64/Roots_const_extract_protocols.json

WriteAuxiliaryFile /Users/clevelandlewis/Desktop/Roots/Roots/build/Roots.build/Release/Roots.build/Objects-normal/arm64/Roots.SwiftFileList (in target 'Roots' from project 'Roots')
    cd /Users/clevelandlewis/Desktop/Roots/Roots
    write-file /Users/clevelandlewis/Desktop/Roots/Roots/build/Roots.build/Release/Roots.build/Objects-normal/arm64/Roots.SwiftFileList

WriteAuxiliaryFile /Users/clevelandlewis/Desktop/Roots/Roots/build/Roots.build/Release/Roots.build/Objects-normal/arm64/Roots.SwiftConstValuesFileList (in target 'Roots' from project 'Roots')
    cd /Users/clevelandlewis/Desktop/Roots/Roots
    write-file /Users/clevelandlewis/Desktop/Roots/Roots/build/Roots.build/Release/Roots.build/Objects-normal/arm64/Roots.SwiftConstValuesFileList

WriteAuxiliaryFile /Users/clevelandlewis/Desktop/Roots/Roots/build/Roots.build/Release/Roots.build/Objects-normal/arm64/Roots.LinkFileList (in target 'Roots' from project 'Roots')
    cd /Users/clevelandlewis/Desktop/Roots/Roots
    write-file /Users/clevelandlewis/Desktop/Roots/Roots/build/Roots.build/Release/Roots.build/Objects-normal/arm64/Roots.LinkFileList

WriteAuxiliaryFile /Users/clevelandlewis/Desktop/Roots/Roots/build/Roots.build/Release/Roots.build/Objects-normal/arm64/Roots-OutputFileMap.json (in target 'Roots' from project 'Roots')
    cd /Users/clevelandlewis/Desktop/Roots/Roots
    write-file /Users/clevelandlewis/Desktop/Roots/Roots/build/Roots.build/Release/Roots.build/Objects-normal/arm64/Roots-OutputFileMap.json

WriteAuxiliaryFile /Users/clevelandlewis/Desktop/Roots/Roots/build/Roots.build/Release/Roots.build/DerivedSources/Entitlements.plist (in target 'Roots' from project 'Roots')
    cd /Users/clevelandlewis/Desktop/Roots/Roots
    write-file /Users/clevelandlewis/Desktop/Roots/Roots/build/Roots.build/Release/Roots.build/DerivedSources/Entitlements.plist

MkDir /Users/clevelandlewis/Desktop/Roots/Roots/build/Release/Roots.app/Contents/Resources (in target 'Roots' from project 'Roots')
    cd /Users/clevelandlewis/Desktop/Roots/Roots
    /bin/mkdir -p /Users/clevelandlewis/Desktop/Roots/Roots/build/Release/Roots.app/Contents/Resources

MkDir /Users/clevelandlewis/Desktop/Roots/Roots/build/Release/Roots.app/Contents/MacOS (in target 'Roots' from project 'Roots')
    cd /Users/clevelandlewis/Desktop/Roots/Roots
    /bin/mkdir -p /Users/clevelandlewis/Desktop/Roots/Roots/build/Release/Roots.app/Contents/MacOS

MkDir /Users/clevelandlewis/Desktop/Roots/Roots/build/Release/Roots.app/Contents (in target 'Roots' from project 'Roots')
    cd /Users/clevelandlewis/Desktop/Roots/Roots
    /bin/mkdir -p /Users/clevelandlewis/Desktop/Roots/Roots/build/Release/Roots.app/Contents

MkDir /Users/clevelandlewis/Desktop/Roots/Roots/build/Release/Roots.app (in target 'Roots' from project 'Roots')
    cd /Users/clevelandlewis/Desktop/Roots/Roots
    /bin/mkdir -p /Users/clevelandlewis/Desktop/Roots/Roots/build/Release/Roots.app

ProcessProductPackaging "" /Users/clevelandlewis/Desktop/Roots/Roots/build/Roots.build/Release/Roots.build/Roots.app.xcent (in target 'Roots' from project 'Roots')
    cd /Users/clevelandlewis/Desktop/Roots/Roots
    
    Entitlements:
    
    {
    "com.apple.security.app-sandbox" = 1;
    "com.apple.security.automation.apple-events" = 1;
    "com.apple.security.files.user-selected.read-only" = 1;
    "com.apple.security.get-task-allow" = 1;
    "com.apple.security.personal-information.calendars" = 1;
}
    
    builtin-productPackagingUtility -entitlements -format xml -o /Users/clevelandlewis/Desktop/Roots/Roots/build/Roots.build/Release/Roots.build/Roots.app.xcent

ProcessProductPackagingDER /Users/clevelandlewis/Desktop/Roots/Roots/build/Roots.build/Release/Roots.build/Roots.app.xcent /Users/clevelandlewis/Desktop/Roots/Roots/build/Roots.build/Release/Roots.build/Roots.app.xcent.der (in target 'Roots' from project 'Roots')
    cd /Users/clevelandlewis/Desktop/Roots/Roots
    /usr/bin/derq query -f xml -i /Users/clevelandlewis/Desktop/Roots/Roots/build/Roots.build/Release/Roots.build/Roots.app.xcent -o /Users/clevelandlewis/Desktop/Roots/Roots/build/Roots.build/Release/Roots.build/Roots.app.xcent.der --raw

GenerateAssetSymbols /Users/clevelandlewis/Desktop/Roots/Roots/Roots/Assets.xcassets (in target 'Roots' from project 'Roots')
    cd /Users/clevelandlewis/Desktop/Roots/Roots
    /Applications/Xcode.app/Contents/Developer/usr/bin/actool /Users/clevelandlewis/Desktop/Roots/Roots/Roots/Assets.xcassets --compile /Users/clevelandlewis/Desktop/Roots/Roots/build/Release/Roots.app/Contents/Resources --output-format human-readable-text --notices --warnings --export-dependency-info /Users/clevelandlewis/Desktop/Roots/Roots/build/Roots.build/Release/Roots.build/assetcatalog_dependencies --output-partial-info-plist /Users/clevelandlewis/Desktop/Roots/Roots/build/Roots.build/Release/Roots.build/assetcatalog_generated_info.plist --accent-color AccentColor --enable-on-demand-resources NO --development-region en --target-device mac --minimum-deployment-target 26.1 --platform macosx --bundle-identifier clewisiii.Roots --generate-swift-asset-symbols /Users/clevelandlewis/Desktop/Roots/Roots/build/Roots.build/Release/Roots.build/DerivedSources/GeneratedAssetSymbols.swift --generate-objc-asset-symbols /Users/clevelandlewis/Desktop/Roots/Roots/build/Roots.build/Release/Roots.build/DerivedSources/GeneratedAssetSymbols.h --generate-asset-symbol-index /Users/clevelandlewis/Desktop/Roots/Roots/build/Roots.build/Release/Roots.build/DerivedSources/GeneratedAssetSymbols-Index.plist
/* com.apple.actool.compilation-results */
/Users/clevelandlewis/Desktop/Roots/Roots/build/Roots.build/Release/Roots.build/DerivedSources/GeneratedAssetSymbols-Index.plist
/Users/clevelandlewis/Desktop/Roots/Roots/build/Roots.build/Release/Roots.build/DerivedSources/GeneratedAssetSymbols.h
/Users/clevelandlewis/Desktop/Roots/Roots/build/Roots.build/Release/Roots.build/DerivedSources/GeneratedAssetSymbols.swift


CpResource /Users/clevelandlewis/Desktop/Roots/Roots/build/Release/Roots.app/Contents/Resources/xcodebuild_test_verbose.log /Users/clevelandlewis/Desktop/Roots/Roots/Roots/xcodebuild_test_verbose.log (in target 'Roots' from project 'Roots')
    cd /Users/clevelandlewis/Desktop/Roots/Roots
    builtin-copy -exclude .DS_Store -exclude CVS -exclude .svn -exclude .git -exclude .hg -resolve-src-symlinks /Users/clevelandlewis/Desktop/Roots/Roots/Roots/xcodebuild_test_verbose.log /Users/clevelandlewis/Desktop/Roots/Roots/build/Release/Roots.app/Contents/Resources

MkDir /Users/clevelandlewis/Desktop/Roots/Roots/build/Roots.build/Release/Roots.build/assetcatalog_output/thinned (in target 'Roots' from project 'Roots')
    cd /Users/clevelandlewis/Desktop/Roots/Roots
    /bin/mkdir -p /Users/clevelandlewis/Desktop/Roots/Roots/build/Roots.build/Release/Roots.build/assetcatalog_output/thinned

CpResource /Users/clevelandlewis/Desktop/Roots/Roots/build/Release/Roots.app/Contents/Resources/xcodebuild_list.log /Users/clevelandlewis/Desktop/Roots/Roots/Roots/xcodebuild_list.log (in target 'Roots' from project 'Roots')
    cd /Users/clevelandlewis/Desktop/Roots/Roots
    builtin-copy -exclude .DS_Store -exclude CVS -exclude .svn -exclude .git -exclude .hg -resolve-src-symlinks /Users/clevelandlewis/Desktop/Roots/Roots/Roots/xcodebuild_list.log /Users/clevelandlewis/Desktop/Roots/Roots/build/Release/Roots.app/Contents/Resources

MkDir /Users/clevelandlewis/Desktop/Roots/Roots/build/Roots.build/Release/Roots.build/assetcatalog_output/unthinned (in target 'Roots' from project 'Roots')
    cd /Users/clevelandlewis/Desktop/Roots/Roots
    /bin/mkdir -p /Users/clevelandlewis/Desktop/Roots/Roots/build/Roots.build/Release/Roots.build/assetcatalog_output/unthinned

CpResource /Users/clevelandlewis/Desktop/Roots/Roots/build/Release/Roots.app/Contents/Resources/xcodebuild_after_edit_build.log /Users/clevelandlewis/Desktop/Roots/Roots/Roots/xcodebuild_after_edit_build.log (in target 'Roots' from project 'Roots')
    cd /Users/clevelandlewis/Desktop/Roots/Roots
    builtin-copy -exclude .DS_Store -exclude CVS -exclude .svn -exclude .git -exclude .hg -resolve-src-symlinks /Users/clevelandlewis/Desktop/Roots/Roots/Roots/xcodebuild_after_edit_build.log /Users/clevelandlewis/Desktop/Roots/Roots/build/Release/Roots.app/Contents/Resources

CpResource /Users/clevelandlewis/Desktop/Roots/Roots/build/Release/Roots.app/Contents/Resources/PrivacyInfo.xcprivacy /Users/clevelandlewis/Desktop/Roots/Roots/Roots/PrivacyInfo.xcprivacy (in target 'Roots' from project 'Roots')
    cd /Users/clevelandlewis/Desktop/Roots/Roots
    builtin-copy -exclude .DS_Store -exclude CVS -exclude .svn -exclude .git -exclude .hg -resolve-src-symlinks /Users/clevelandlewis/Desktop/Roots/Roots/Roots/PrivacyInfo.xcprivacy /Users/clevelandlewis/Desktop/Roots/Roots/build/Release/Roots.app/Contents/Resources

CompileAssetCatalogVariant thinned /Users/clevelandlewis/Desktop/Roots/Roots/build/Release/Roots.app/Contents/Resources /Users/clevelandlewis/Desktop/Roots/Roots/Roots/Assets.xcassets (in target 'Roots' from project 'Roots')
    cd /Users/clevelandlewis/Desktop/Roots/Roots
    /Applications/Xcode.app/Contents/Developer/usr/bin/actool /Users/clevelandlewis/Desktop/Roots/Roots/Roots/Assets.xcassets --compile /Users/clevelandlewis/Desktop/Roots/Roots/build/Roots.build/Release/Roots.build/assetcatalog_output/thinned --output-format human-readable-text --notices --warnings --export-dependency-info /Users/clevelandlewis/Desktop/Roots/Roots/build/Roots.build/Release/Roots.build/assetcatalog_dependencies_thinned --output-partial-info-plist /Users/clevelandlewis/Desktop/Roots/Roots/build/Roots.build/Release/Roots.build/assetcatalog_generated_info.plist_thinned --accent-color AccentColor --enable-on-demand-resources NO --development-region en --target-device mac --minimum-deployment-target 26.1 --platform macosx
/* com.apple.actool.compilation-results */
/Users/clevelandlewis/Desktop/Roots/Roots/build/Roots.build/Release/Roots.build/assetcatalog_generated_info.plist_thinned


SwiftDriver Roots normal x86_64 com.apple.xcode.tools.swift.compiler (in target 'Roots' from project 'Roots')
    cd /Users/clevelandlewis/Desktop/Roots/Roots
    builtin-SwiftDriver -- /Applications/Xcode.app/Contents/Developer/Toolchains/XcodeDefault.xctoolchain/usr/bin/swiftc -module-name Roots -O -whole-module-optimization -enforce-exclusivity\=checked @/Users/clevelandlewis/Desktop/Roots/Roots/build/Roots.build/Release/Roots.build/Objects-normal/x86_64/Roots.SwiftFileList -default-isolation\=MainActor -enable-bare-slash-regex -enable-upcoming-feature DisableOutwardActorInference -enable-upcoming-feature InferSendableFromCaptures -enable-upcoming-feature GlobalActorIsolatedTypesUsability -enable-upcoming-feature MemberImportVisibility -enable-upcoming-feature InferIsolatedConformances -enable-upcoming-feature NonisolatedNonsendingByDefault -enable-experimental-feature DebugDescriptionMacro -sdk /Applications/Xcode.app/Contents/Developer/Platforms/MacOSX.platform/Developer/SDKs/MacOSX26.1.sdk -target x86_64-apple-macos26.1 -g -Xfrontend -serialize-debugging-options -swift-version 5 -I /Users/clevelandlewis/Desktop/Roots/Roots/build/Release -F /Users/clevelandlewis/Desktop/Roots/Roots/build/Release -emit-localized-strings -emit-localized-strings-path /Users/clevelandlewis/Desktop/Roots/Roots/build/Roots.build/Release/Roots.build/Objects-normal/x86_64 -c -num-threads 8 -Xcc -ivfsstatcache -Xcc /var/folders/wr/htbphpwn5x1cvhs4_p2v_vs80000gn/C/com.apple.DeveloperTools/26.1.1-17B100/Xcode/SDKStatCaches.noindex/macosx26.1-25B74-3885c01c3e6b6a337905948deab2002e3ae1261907bdadc328169391a47051a6.sdkstatcache -output-file-map /Users/clevelandlewis/Desktop/Roots/Roots/build/Roots.build/Release/Roots.build/Objects-normal/x86_64/Roots-OutputFileMap.json -use-frontend-parseable-output -save-temps -no-color-diagnostics -explicit-module-build -module-cache-path /Users/clevelandlewis/Desktop/Roots/Roots/build/SwiftExplicitPrecompiledModules -serialize-diagnostics -emit-dependencies -emit-module -emit-module-path /Users/clevelandlewis/Desktop/Roots/Roots/build/Roots.build/Release/Roots.build/Objects-normal/x86_64/Roots.swiftmodule -validate-clang-modules-once -clang-build-session-file /var/folders/wr/htbphpwn5x1cvhs4_p2v_vs80000gn/C/org.llvm.clang/ModuleCache.noindex/Session.modulevalidation -Xcc -I/Users/clevelandlewis/Desktop/Roots/Roots/build/Roots.build/Release/Roots.build/swift-overrides.hmap -emit-const-values -Xfrontend -const-gather-protocols-file -Xfrontend /Users/clevelandlewis/Desktop/Roots/Roots/build/Roots.build/Release/Roots.build/Objects-normal/x86_64/Roots_const_extract_protocols.json -Xcc -iquote -Xcc /Users/clevelandlewis/Desktop/Roots/Roots/build/Roots.build/Release/Roots.build/Roots-generated-files.hmap -Xcc -I/Users/clevelandlewis/Desktop/Roots/Roots/build/Roots.build/Release/Roots.build/Roots-own-target-headers.hmap -Xcc -I/Users/clevelandlewis/Desktop/Roots/Roots/build/Roots.build/Release/Roots.build/Roots-all-target-headers.hmap -Xcc -iquote -Xcc /Users/clevelandlewis/Desktop/Roots/Roots/build/Roots.build/Release/Roots.build/Roots-project-headers.hmap -Xcc -I/Users/clevelandlewis/Desktop/Roots/Roots/build/Release/include -Xcc -I/Users/clevelandlewis/Desktop/Roots/Roots/build/Roots.build/Release/Roots.build/DerivedSources-normal/x86_64 -Xcc -I/Users/clevelandlewis/Desktop/Roots/Roots/build/Roots.build/Release/Roots.build/DerivedSources/x86_64 -Xcc -I/Users/clevelandlewis/Desktop/Roots/Roots/build/Roots.build/Release/Roots.build/DerivedSources -emit-objc-header -emit-objc-header-path /Users/clevelandlewis/Desktop/Roots/Roots/build/Roots.build/Release/Roots.build/Objects-normal/x86_64/Roots-Swift.h -working-directory /Users/clevelandlewis/Desktop/Roots/Roots -no-emit-module-separately-wmo
/Users/clevelandlewis/Desktop/Roots/Roots/Roots/CalendarPageView.swift:158:5: error: Attribute 'private' can only be used in a non-local scope
    private var gridContent: some View {
    ^ (in target 'Roots' from project 'Roots')

SwiftDriver Roots normal arm64 com.apple.xcode.tools.swift.compiler (in target 'Roots' from project 'Roots')
    cd /Users/clevelandlewis/Desktop/Roots/Roots
    builtin-SwiftDriver -- /Applications/Xcode.app/Contents/Developer/Toolchains/XcodeDefault.xctoolchain/usr/bin/swiftc -module-name Roots -O -whole-module-optimization -enforce-exclusivity\=checked @/Users/clevelandlewis/Desktop/Roots/Roots/build/Roots.build/Release/Roots.build/Objects-normal/arm64/Roots.SwiftFileList -default-isolation\=MainActor -enable-bare-slash-regex -enable-upcoming-feature DisableOutwardActorInference -enable-upcoming-feature InferSendableFromCaptures -enable-upcoming-feature GlobalActorIsolatedTypesUsability -enable-upcoming-feature MemberImportVisibility -enable-upcoming-feature InferIsolatedConformances -enable-upcoming-feature NonisolatedNonsendingByDefault -enable-experimental-feature DebugDescriptionMacro -sdk /Applications/Xcode.app/Contents/Developer/Platforms/MacOSX.platform/Developer/SDKs/MacOSX26.1.sdk -target arm64-apple-macos26.1 -g -Xfrontend -serialize-debugging-options -swift-version 5 -I /Users/clevelandlewis/Desktop/Roots/Roots/build/Release -F /Users/clevelandlewis/Desktop/Roots/Roots/build/Release -emit-localized-strings -emit-localized-strings-path /Users/clevelandlewis/Desktop/Roots/Roots/build/Roots.build/Release/Roots.build/Objects-normal/arm64 -c -num-threads 8 -Xcc -ivfsstatcache -Xcc /var/folders/wr/htbphpwn5x1cvhs4_p2v_vs80000gn/C/com.apple.DeveloperTools/26.1.1-17B100/Xcode/SDKStatCaches.noindex/macosx26.1-25B74-3885c01c3e6b6a337905948deab2002e3ae1261907bdadc328169391a47051a6.sdkstatcache -output-file-map /Users/clevelandlewis/Desktop/Roots/Roots/build/Roots.build/Release/Roots.build/Objects-normal/arm64/Roots-OutputFileMap.json -use-frontend-parseable-output -save-temps -no-color-diagnostics -explicit-module-build -module-cache-path /Users/clevelandlewis/Desktop/Roots/Roots/build/SwiftExplicitPrecompiledModules -serialize-diagnostics -emit-dependencies -emit-module -emit-module-path /Users/clevelandlewis/Desktop/Roots/Roots/build/Roots.build/Release/Roots.build/Objects-normal/arm64/Roots.swiftmodule -validate-clang-modules-once -clang-build-session-file /var/folders/wr/htbphpwn5x1cvhs4_p2v_vs80000gn/C/org.llvm.clang/ModuleCache.noindex/Session.modulevalidation -Xcc -I/Users/clevelandlewis/Desktop/Roots/Roots/build/Roots.build/Release/Roots.build/swift-overrides.hmap -emit-const-values -Xfrontend -const-gather-protocols-file -Xfrontend /Users/clevelandlewis/Desktop/Roots/Roots/build/Roots.build/Release/Roots.build/Objects-normal/arm64/Roots_const_extract_protocols.json -Xcc -iquote -Xcc /Users/clevelandlewis/Desktop/Roots/Roots/build/Roots.build/Release/Roots.build/Roots-generated-files.hmap -Xcc -I/Users/clevelandlewis/Desktop/Roots/Roots/build/Roots.build/Release/Roots.build/Roots-own-target-headers.hmap -Xcc -I/Users/clevelandlewis/Desktop/Roots/Roots/build/Roots.build/Release/Roots.build/Roots-all-target-headers.hmap -Xcc -iquote -Xcc /Users/clevelandlewis/Desktop/Roots/Roots/build/Roots.build/Release/Roots.build/Roots-project-headers.hmap -Xcc -I/Users/clevelandlewis/Desktop/Roots/Roots/build/Release/include -Xcc -I/Users/clevelandlewis/Desktop/Roots/Roots/build/Roots.build/Release/Roots.build/DerivedSources-normal/arm64 -Xcc -I/Users/clevelandlewis/Desktop/Roots/Roots/build/Roots.build/Release/Roots.build/DerivedSources/arm64 -Xcc -I/Users/clevelandlewis/Desktop/Roots/Roots/build/Roots.build/Release/Roots.build/DerivedSources -emit-objc-header -emit-objc-header-path /Users/clevelandlewis/Desktop/Roots/Roots/build/Roots.build/Release/Roots.build/Objects-normal/arm64/Roots-Swift.h -working-directory /Users/clevelandlewis/Desktop/Roots/Roots -no-emit-module-separately-wmo
/Users/clevelandlewis/Desktop/Roots/Roots/Roots/CalendarPageView.swift:158:5: error: Attribute 'private' can only be used in a non-local scope
    private var gridContent: some View {
    ^ (in target 'Roots' from project 'Roots')

LinkAssetCatalog /Users/clevelandlewis/Desktop/Roots/Roots/Roots/Assets.xcassets (in target 'Roots' from project 'Roots')
    cd /Users/clevelandlewis/Desktop/Roots/Roots
    builtin-linkAssetCatalog --thinned /Users/clevelandlewis/Desktop/Roots/Roots/build/Roots.build/Release/Roots.build/assetcatalog_output/thinned --thinned-dependencies /Users/clevelandlewis/Desktop/Roots/Roots/build/Roots.build/Release/Roots.build/assetcatalog_dependencies_thinned --thinned-info-plist-content /Users/clevelandlewis/Desktop/Roots/Roots/build/Roots.build/Release/Roots.build/assetcatalog_generated_info.plist_thinned --unthinned /Users/clevelandlewis/Desktop/Roots/Roots/build/Roots.build/Release/Roots.build/assetcatalog_output/unthinned --unthinned-dependencies /Users/clevelandlewis/Desktop/Roots/Roots/build/Roots.build/Release/Roots.build/assetcatalog_dependencies_unthinned --unthinned-info-plist-content /Users/clevelandlewis/Desktop/Roots/Roots/build/Roots.build/Release/Roots.build/assetcatalog_generated_info.plist_unthinned --output /Users/clevelandlewis/Desktop/Roots/Roots/build/Release/Roots.app/Contents/Resources --plist-output /Users/clevelandlewis/Desktop/Roots/Roots/build/Roots.build/Release/Roots.build/assetcatalog_generated_info.plist

ProcessInfoPlistFile /Users/clevelandlewis/Desktop/Roots/Roots/build/Release/Roots.app/Contents/Info.plist /Users/clevelandlewis/Desktop/Roots/Roots/build/Roots.build/Release/Roots.build/empty-Roots.plist (in target 'Roots' from project 'Roots')
    cd /Users/clevelandlewis/Desktop/Roots/Roots
    builtin-infoPlistUtility /Users/clevelandlewis/Desktop/Roots/Roots/build/Roots.build/Release/Roots.build/empty-Roots.plist -producttype com.apple.product-type.application -genpkginfo /Users/clevelandlewis/Desktop/Roots/Roots/build/Release/Roots.app/Contents/PkgInfo -expandbuildsettings -platform macosx -additionalcontentfile /Users/clevelandlewis/Desktop/Roots/Roots/build/Roots.build/Release/Roots.build/assetcatalog_generated_info.plist -o /Users/clevelandlewis/Desktop/Roots/Roots/build/Release/Roots.app/Contents/Info.plist

