/Users/clevelandlewis/Desktop/Roots/Roots/Roots/RootsApp.swift:65:10: warning: 'onChange(of:perform:)' was deprecated in macOS 14.0: Use `onChange` with a two or zero parameter action closure instead.
        .onChange(of: scenePhase) { phase in
         ^
/Users/clevelandlewis/Desktop/Roots/Roots/Roots/CoursesPageView.swift:872:10: warning: 'onChange(of:perform:)' was deprecated in macOS 14.0: Use `onChange` with a two or zero parameter action closure instead.
        .onChange(of: semesterId) { newValue in
         ^
/Users/clevelandlewis/Desktop/Roots/Roots/Roots/CoursesPageView.swift:1005:13: warning: initialization of immutable value 'calendar' was never used; consider replacing with assignment to '_' or removing it
        let calendar = Calendar.current
        ~~~~^~~~~~~~
        _
/Users/clevelandlewis/Desktop/Roots/Roots/Roots/SettingsView.swift:54:14: warning: 'onChange(of:perform:)' was deprecated in macOS 14.0: Use `onChange` with a two or zero parameter action closure instead.
            .onChange(of: settings.use24HourTime) { _ in settings.save() }
             ^
/Users/clevelandlewis/Desktop/Roots/Roots/Roots/SettingsView.swift:55:14: warning: 'onChange(of:perform:)' was deprecated in macOS 14.0: Use `onChange` with a two or zero parameter action closure instead.
            .onChange(of: settings.showEnergyPanel) { _ in settings.save() }
             ^
/Users/clevelandlewis/Desktop/Roots/Roots/Roots/SettingsView.swift:56:14: warning: 'onChange(of:perform:)' was deprecated in macOS 14.0: Use `onChange` with a two or zero parameter action closure instead.
            .onChange(of: settings.highContrastMode) { _ in settings.save() }
             ^
/Users/clevelandlewis/Desktop/Roots/Roots/Roots/SettingsView.swift:57:14: warning: 'onChange(of:perform:)' was deprecated in macOS 14.0: Use `onChange` with a two or zero parameter action closure instead.
            .onChange(of: settings.defaultWorkdayStart) { _ in settings.save() }
             ^
/Users/clevelandlewis/Desktop/Roots/Roots/Roots/SettingsView.swift:58:14: warning: 'onChange(of:perform:)' was deprecated in macOS 14.0: Use `onChange` with a two or zero parameter action closure instead.
            .onChange(of: settings.defaultWorkdayEnd) { _ in settings.save() }
             ^
